[debug] ----------------------------------------------------------------------
[debug] Command:      /usr/local/bin/node /usr/local/bin/firebase deploy
[debug] CLI Version:  3.0.1
[debug] Platform:     darwin
[debug] Node Version: v4.4.5
[debug] Time:         Sun Jan 29 2017 10:21:07 GMT+0100 (CET)
[debug] ----------------------------------------------------------------------
[debug] 
[debug] > command requires scopes: ["email","openid","https://www.googleapis.com/auth/cloudplatformprojects.readonly","https://www.googleapis.com/auth/firebase"]
[debug] >>> HTTP REQUEST GET https://admin.firebase.com/v1/projects/hackaway4 
[debug] Error: getaddrinfo ENOTFOUND admin.firebase.com admin.firebase.com:443
    at errnoException (dns.js:27:10)
    at GetAddrInfoReqWrap.onlookup [as oncomplete] (dns.js:78:26)
[error] 
[error] Error: Server Error. Please try again in a few minutes.
[debug] Error Context: {
  "requestOptions": {
    "method": "GET",
    "json": true,
    "url": "https://admin.firebase.com/v1/projects/hackaway4",
    "headers": {
      "authorization": "Bearer ya29.Gl3iA0NOYVEQezjiXqr4VY2BYmjMezZv5dW3PaHxU2si1tKqiXWsdmkzYpGTQ6djmXg7EgHkKJHia3XdEc8ZR1HafpGKwKgZePOCZvIboA4ZpbXZHkOwN8VKqARsdY4"
    }
  }
}
